#
# There is insufficient memory for the Java Runtime Environment to continue.
# Native memory allocation (mmap) failed to map 132120576 bytes for G1 virtual space
# Possible reasons:
#   The system is out of physical RAM or swap space
#   The process is running with CompressedOops enabled, and the Java Heap may be blocking the growth of the native heap
# Possible solutions:
#   Reduce memory load on the system
#   Increase physical memory or swap space
#   Check if swap backing store is full
#   Decrease Java heap size (-Xmx/-Xms)
#   Decrease number of Java threads
#   Decrease Java thread stack sizes (-Xss)
#   Set larger code cache with -XX:ReservedCodeCacheSize=
#   JVM is running with Unscaled Compressed Oops mode in which the Java heap is
#     placed in the first 4GB address space. The Java Heap base address is the
#     maximum limit for the native heap growth. Please use -XX:HeapBaseMinAddress
#     to set the Java Heap base and to place the Java Heap above 4GB virtual address.
# This output file may be truncated or incomplete.
#
#  Out of Memory Error (os_windows.cpp:3528), pid=12488, tid=11172
#
# JRE version:  (20.0.1+9) (build )
# Java VM: Java HotSpot(TM) 64-Bit Server VM (20.0.1+9-29, mixed mode, sharing, tiered, compressed oops, compressed class ptrs, g1 gc, windows-amd64)
# No core dump will be written. Minidumps are not enabled by default on client versions of Windows
#

---------------  S U M M A R Y ------------

Command Line: -Dfile.encoding=UTF-8 --module-path=D:\User\OOP_lab\Aims_project\bin -XX:+ShowCodeDetailsInExceptionMessages -Djdk.module.main=Aims_project Aims_project/aims.aims

Host: Intel(R) Core(TM) i3-7020U CPU @ 2.30GHz, 4 cores, 7G,  Windows 10 , 64 bit Build 19041 (10.0.19041.3031)
Time: Sat Jun 24 13:38:34 2023 SE Asia Standard Time elapsed time: 0.029031 seconds (0d 0h 0m 0s)

---------------  T H R E A D  ---------------

Current thread (0x00000161ac9173f0):  JavaThread "Unknown thread" [_thread_in_vm, id=11172, stack(0x0000004daaf00000,0x0000004dab000000)]

Stack: [0x0000004daaf00000,0x0000004dab000000]
Native frames: (J=compiled Java code, j=interpreted, Vv=VM code, C=native code)
V  [jvm.dll+0x6bb95a]
V  [jvm.dll+0x8485fa]
V  [jvm.dll+0x84a1f5]
V  [jvm.dll+0x84a8f3]
V  [jvm.dll+0x280b0f]
V  [jvm.dll+0x6b86e9]
V  [jvm.dll+0x6ad2da]
V  [jvm.dll+0x35adf5]
V  [jvm.dll+0x363016]
V  [jvm.dll+0x3b3b3e]
V  [jvm.dll+0x3b3dc5]
V  [jvm.dll+0x32b50a]
V  [jvm.dll+0x32c32b]
V  [jvm.dll+0x8112bf]
V  [jvm.dll+0x3c0d91]
V  [jvm.dll+0x7fcfe3]
V  [jvm.dll+0x44c76f]
V  [jvm.dll+0x44e0e1]
C  [jli.dll+0x5287]
C  [ucrtbase.dll+0x21bb2]
C  [KERNEL32.DLL+0x17614]
C  [ntdll.dll+0x526f1]


---------------  P R O C E S S  ---------------

Threads class SMR info:
_java_thread_list=0x00007ffa8eaba098, length=0, elements={
}

Java Threads: ( => current thread )

Other Threads:
  0x00000161ac979020 WorkerThread "GC Thread#0" [stack: 0x0000004dab000000,0x0000004dab100000] [id=11544]
  0x00000161ac98aa40 ConcurrentGCThread "G1 Main Marker" [stack: 0x0000004dab100000,0x0000004dab200000] [id=3476]
  0x00000161ac98bcb0 WorkerThread "G1 Conc#0" [stack: 0x0000004dab200000,0x0000004dab300000] [id=4396]

[error occurred during error reporting (printing all threads), id 0xc0000005, EXCEPTION_ACCESS_VIOLATION (0xc0000005) at pc=0x00007ffa8e29eb47]
VM state: not at safepoint (not fully initialized)

VM Mutex/Monitor currently owned by a thread:  ([mutex/lock_event])
[0x00000161ac914170] Heap_lock - owner thread: 0x00000161ac9173f0

Heap address: 0x0000000082000000, size: 2016 MB, Compressed Oops mode: 32-bit

CDS archive(s) mapped at: [0x0000000000000000-0x0000000000000000-0x0000000000000000), size 0, SharedBaseAddress: 0x0000000800000000, ArchiveRelocationMode: 0.
Narrow klass base: 0x0000000000000000, Narrow klass shift: 0, Narrow klass range: 0x0

GC Precious Log:
 CardTable entry size: 512
 Card Set container configuration: InlinePtr #cards 5 size 8 Array Of Cards #cards 12 size 40 Howl #buckets 4 coarsen threshold 1843 Howl Bitmap #cards 512 size 80 coarsen threshold 460 Card regions per heap region 1 cards per card region 2048

Heap:
 garbage-first heap   total 0K, used 0K [0x0000000082000000, 0x0000000100000000)
  region size 1024K, 0 young (0K), 0 survivors (0K)

[error occurred during error reporting (printing heap information), id 0xc0000005, EXCEPTION_ACCESS_VIOLATION (0xc0000005) at pc=0x00007ffa8e673c59]
GC Heap History (0 events):
No events

Dll operation events (1 events):
Event: 0.018 Loaded shared library F:\system\Java\Java_JDK\JDK\bin\java.dll

Deoptimization events (0 events):
No events

Classes loaded (0 events):
No events

Classes unloaded (0 events):
No events

Classes redefined (0 events):
No events

Internal exceptions (0 events):
No events

VM Operations (0 events):
No events

Events (0 events):
No events


Dynamic libraries:
0x00007ff7321a0000 - 0x00007ff7321b0000 	F:\system\Java\Java_JDK\JDK\bin\javaw.exe
0x00007ffac5070000 - 0x00007ffac5268000 	C:\Windows\SYSTEM32\ntdll.dll
0x00007ffac30d0000 - 0x00007ffac318f000 	C:\Windows\System32\KERNEL32.DLL
0x00007ffac2af0000 - 0x00007ffac2de6000 	C:\Windows\System32\KERNELBASE.dll
0x00007ffac2f30000 - 0x00007ffac3030000 	C:\Windows\System32\ucrtbase.dll
0x00007ffaae7b0000 - 0x00007ffaae7c9000 	F:\system\Java\Java_JDK\JDK\bin\jli.dll
0x00007ffab2940000 - 0x00007ffab295b000 	F:\system\Java\Java_JDK\JDK\bin\VCRUNTIME140.dll
0x00007ffac4d80000 - 0x00007ffac4e2f000 	C:\Windows\System32\ADVAPI32.dll
0x00007ffac4ca0000 - 0x00007ffac4d3e000 	C:\Windows\System32\msvcrt.dll
0x00007ffac38e0000 - 0x00007ffac397c000 	C:\Windows\System32\sechost.dll
0x00007ffac3ac0000 - 0x00007ffac3be6000 	C:\Windows\System32\RPCRT4.dll
0x00007ffac3bf0000 - 0x00007ffac3d8d000 	C:\Windows\System32\USER32.dll
0x00007ffac2840000 - 0x00007ffac2862000 	C:\Windows\System32\win32u.dll
0x00007ffac3a30000 - 0x00007ffac3a5c000 	C:\Windows\System32\GDI32.dll
0x00007ffac2870000 - 0x00007ffac2985000 	C:\Windows\System32\gdi32full.dll
0x00007ffac3030000 - 0x00007ffac30cd000 	C:\Windows\System32\msvcp_win.dll
0x00007ffaa74e0000 - 0x00007ffaa777a000 	C:\Windows\WinSxS\amd64_microsoft.windows.common-controls_6595b64144ccf1df_6.0.19041.1110_none_60b5254171f9507e\COMCTL32.dll
0x00007ffabb660000 - 0x00007ffabb66a000 	C:\Windows\SYSTEM32\VERSION.dll
0x00007ffac4d50000 - 0x00007ffac4d80000 	C:\Windows\System32\IMM32.DLL
0x00007ffabb3a0000 - 0x00007ffabb3ac000 	F:\system\Java\Java_JDK\JDK\bin\vcruntime140_1.dll
0x00007ffaa3570000 - 0x00007ffaa35fe000 	F:\system\Java\Java_JDK\JDK\bin\msvcp140.dll
0x00007ffa8df60000 - 0x00007ffa8ebf7000 	F:\system\Java\Java_JDK\JDK\bin\server\jvm.dll
0x00007ffab2df0000 - 0x00007ffab2df9000 	C:\Windows\SYSTEM32\WSOCK32.dll
0x00007ffac4f10000 - 0x00007ffac4f7b000 	C:\Windows\System32\WS2_32.dll
0x00007ffab1230000 - 0x00007ffab1257000 	C:\Windows\SYSTEM32\WINMM.dll
0x00007ffac0fc0000 - 0x00007ffac0fd2000 	C:\Windows\SYSTEM32\kernel.appcore.dll
0x00007ffabb1a0000 - 0x00007ffabb1aa000 	F:\system\Java\Java_JDK\JDK\bin\jimage.dll
0x00007ffac0ca0000 - 0x00007ffac0e84000 	C:\Windows\SYSTEM32\DBGHELP.DLL
0x00007ffaae420000 - 0x00007ffaae454000 	C:\Windows\SYSTEM32\dbgcore.DLL
0x00007ffac2ea0000 - 0x00007ffac2f22000 	C:\Windows\System32\bcryptPrimitives.dll
0x00007ffaa54c0000 - 0x00007ffaa54e6000 	F:\system\Java\Java_JDK\JDK\bin\java.dll

dbghelp: loaded successfully - version: 4.0.5 - missing functions: none
symbol engine: initialized successfully - sym options: 0x614 - pdb path: .;F:\system\Java\Java_JDK\JDK\bin;C:\Windows\SYSTEM32;C:\Windows\WinSxS\amd64_microsoft.windows.common-controls_6595b64144ccf1df_6.0.19041.1110_none_60b5254171f9507e;F:\system\Java\Java_JDK\JDK\bin\server

VM Arguments:
jvm_args: -Dfile.encoding=UTF-8 --module-path=D:\User\OOP_lab\Aims_project\bin -XX:+ShowCodeDetailsInExceptionMessages -Djdk.module.main=Aims_project 
java_command: Aims_project/aims.aims
java_class_path (initial): <not set>
Launcher Type: SUN_STANDARD

[Global flags]
     intx CICompilerCount                          = 3                                         {product} {ergonomic}
     uint ConcGCThreads                            = 1                                         {product} {ergonomic}
     uint G1ConcRefinementThreads                  = 4                                         {product} {ergonomic}
   size_t G1HeapRegionSize                         = 1048576                                   {product} {ergonomic}
    uintx GCDrainStackTargetSize                   = 64                                        {product} {ergonomic}
   size_t InitialHeapSize                          = 132120576                                 {product} {ergonomic}
   size_t MarkStackSize                            = 4194304                                   {product} {ergonomic}
   size_t MaxHeapSize                              = 2113929216                                {product} {ergonomic}
   size_t MinHeapDeltaBytes                        = 1048576                                   {product} {ergonomic}
   size_t MinHeapSize                              = 8388608                                   {product} {ergonomic}
    uintx NonNMethodCodeHeapSize                   = 5832780                                {pd product} {ergonomic}
    uintx NonProfiledCodeHeapSize                  = 122912730                              {pd product} {ergonomic}
    uintx ProfiledCodeHeapSize                     = 122912730                              {pd product} {ergonomic}
    uintx ReservedCodeCacheSize                    = 251658240                              {pd product} {ergonomic}
     bool SegmentedCodeCache                       = true                                      {product} {ergonomic}
     bool ShowCodeDetailsInExceptionMessages       = true                                   {manageable} {command line}
   size_t SoftMaxHeapSize                          = 2113929216                             {manageable} {ergonomic}
     bool UseCompressedClassPointers               = true                           {product lp64_product} {ergonomic}
     bool UseCompressedOops                        = true                           {product lp64_product} {ergonomic}
     bool UseG1GC                                  = true                                      {product} {ergonomic}
     bool UseLargePagesIndividualAllocation        = false                                  {pd product} {ergonomic}

Logging:
Log output configuration:
 #0: stdout all=warning uptime,level,tags foldmultilines=false
 #1: stderr all=off uptime,level,tags foldmultilines=false

Environment Variables:
PATH=C:\Program Files\Common Files\Oracle\Java\javapath;F:\system\Python\Scripts\;F:\system\Python\;C:\Windows\system32;C:\Windows;C:\Windows\System32\Wbem;C:\Windows\System32\WindowsPowerShell\v1.0\;C:\Windows\System32\OpenSSH\;F:\system\Git\cmd;F:\system\Msys2\mingw64\bin;F:\system\Java\Java_JDK\JDK\bin;F:\user\miniconda\Conda;F:\user\miniconda\Conda\Library\mingw-w64\bin;F:\user\miniconda\Conda\Library\usr\bin;F:\user\miniconda\Conda\Library\bin;F:\user\miniconda\Conda\Scripts;C:\Users\Bereft_heart\AppData\Local\Microsoft\WindowsApps;F:\system\VS Code\Microsoft VS Code\bin;F:\system\Java\Java_IDE\IntelliJ\IntelliJ IDEA 2023.1.3\bin;;
USERNAME=Bereft_heart
OS=Windows_NT
PROCESSOR_IDENTIFIER=Intel64 Family 6 Model 142 Stepping 9, GenuineIntel
TMP=C:\Users\BEREFT~1\AppData\Local\Temp
TEMP=C:\Users\BEREFT~1\AppData\Local\Temp




---------------  S Y S T E M  ---------------

OS:
 Windows 10 , 64 bit Build 19041 (10.0.19041.3031)
OS uptime: 0 days 14:31 hours

CPU: total 4 (initial active 4) (2 cores per cpu, 2 threads per core) family 6 model 142 stepping 9 microcode 0xb4, cx8, cmov, fxsr, ht, mmx, 3dnowpref, sse, sse2, sse3, ssse3, sse4.1, sse4.2, popcnt, lzcnt, tsc, tscinvbit, avx, avx2, aes, erms, clmul, bmi1, bmi2, adx, fma, vzeroupper, clflush, clflushopt, rdtscp, f16c

Memory: 4k page, system-wide physical 8058M (1067M free)
TotalPageFile size 16040M (AvailPageFile size 29M)
current process WorkingSet (physical memory assigned to process): 10M, peak: 10M
current process commit charge ("private bytes"): 51M, peak: 177M

vm_info: Java HotSpot(TM) 64-Bit Server VM (20.0.1+9-29) for windows-amd64 JRE (20.0.1+9-29), built on 2023-03-07T13:56:11Z by "mach5one" with MS VC++ 17.1 (VS2022)

END.
